<?xml version="1.0" encoding="UTF-8"?>
<!-- Generated by org.testng.reporters.JUnitReportReporter -->
<testsuite hostname="Axay-laptop" failures="0" tests="2" name="pParameterised.UrlParameterized" time="6.536" errors="0" timestamp="2024-01-31T11:29:49 IST" skipped="0">
  <testcase classname="pParameterised.UrlParameterized" name="dws1" time="3.235"/>
  <system-out/>
  <testcase classname="pParameterised.UrlParameterized" name="dws" time="3.301"/>
  <system-out/>
</testsuite> <!-- pParameterised.UrlParameterized -->
