<?xml version="1.0" encoding="UTF-8"?>
<!-- Generated by org.testng.reporters.JUnitReportReporter -->
<testsuite hostname="Axay-laptop" failures="0" tests="1" name="sShoeTestng.Skechers" time="34.154" errors="0" timestamp="2024-01-26T11:11:02 IST" skipped="0">
  <testcase classname="sShoeTestng.Skechers" name="skechers" time="34.154"/>
  <system-out/>
</testsuite> <!-- sShoeTestng.Skechers -->
