<?xml version="1.0" encoding="UTF-8"?>
<!-- Generated by org.testng.reporters.JUnitReportReporter -->
<testsuite hostname="Axay-laptop" failures="0" tests="1" name="pom.RegisterFormExecution" time="8.173" errors="0" timestamp="2024-02-01T22:21:19 IST" skipped="0">
  <testcase classname="pom.RegisterFormExecution" name="form" time="8.173"/>
  <system-out/>
</testsuite> <!-- pom.RegisterFormExecution -->
