<?xml version="1.0" encoding="UTF-8"?>
<!-- Generated by org.testng.reporters.JUnitReportReporter -->
<testsuite hostname="Axay-laptop" failures="0" tests="1" name="pom.ExecuteDWSpage" time="5.911" errors="0" timestamp="2024-02-01T18:29:34 IST" skipped="0">
  <testcase classname="pom.ExecuteDWSpage" name="reciever" time="5.911"/>
  <system-out/>
</testsuite> <!-- pom.ExecuteDWSpage -->
