<?xml version="1.0" encoding="UTF-8"?>
<!-- Generated by org.testng.reporters.JUnitReportReporter -->
<testsuite hostname="Axay-laptop" failures="0" tests="1" name="apachePoiTool.DataProviderWithExcel" time="0.000" errors="0" timestamp="2024-02-01T18:24:09 IST" skipped="1">
  <testcase classname="apachePoiTool.DataProviderWithExcel" name="receiver" time="0.000">
    <skipped/>
  </testcase> <!-- receiver -->
  <system-out/>
</testsuite> <!-- apachePoiTool.DataProviderWithExcel -->
