<?xml version="1.0" encoding="UTF-8"?>
<!-- Generated by org.testng.reporters.JUnitReportReporter -->
<testsuite hostname="Axay-laptop" failures="0" tests="1" name="sShoeTestng.Sparx" time="53.480" errors="0" timestamp="2024-01-26T11:11:02 IST" skipped="0">
  <testcase classname="sShoeTestng.Sparx" name="sparx" time="53.480"/>
  <system-out/>
</testsuite> <!-- sShoeTestng.Sparx -->
