<?xml version="1.0" encoding="UTF-8"?>
<!-- Generated by org.testng.reporters.JUnitReportReporter -->
<testsuite hostname="Axay-laptop" failures="0" tests="1" name="pParameterised.DifferntBrowers" time="70.482" errors="0" timestamp="2024-01-31T11:18:36 IST" skipped="0">
  <testcase classname="pParameterised.DifferntBrowers" name="browsers" time="70.482"/>
  <system-out>
    <![CDATA[firefoxdriver]]>
  </system-out>
</testsuite> <!-- pParameterised.DifferntBrowers -->
