<?xml version="1.0" encoding="UTF-8"?>
<!-- Generated by org.testng.reporters.JUnitReportReporter -->
<testsuite hostname="Axay-laptop" failures="0" tests="2" name="testng1.ChronologicalOrder" time="0.003" errors="0" timestamp="2024-01-28T17:02:02 IST" skipped="0">
  <testcase classname="testng1.ChronologicalOrder" name="test1" time="0.000"/>
  <system-out/>
  <testcase classname="testng1.ChronologicalOrder" name="test" time="0.003"/>
  <system-out/>
</testsuite> <!-- testng1.ChronologicalOrder -->
