<?xml version="1.0" encoding="UTF-8"?>
<!-- Generated by org.testng.reporters.JUnitReportReporter -->
<testsuite hostname="Axay-laptop" failures="0" tests="1" name="sShoeTestng.Jordan" time="35.507" errors="0" timestamp="2024-01-26T11:11:02 IST" skipped="0">
  <testcase classname="sShoeTestng.Jordan" name="jordan" time="35.507"/>
  <system-out/>
</testsuite> <!-- sShoeTestng.Jordan -->
