<?xml version="1.0" encoding="UTF-8"?>
<!-- Generated by org.testng.reporters.JUnitReportReporter -->
<testsuite hostname="Axay-laptop" failures="0" tests="2" name="testng1.DataProviderSenderReciever" time="10.843" errors="0" timestamp="2024-01-31T18:34:25 IST" skipped="0">
  <testcase classname="testng1.DataProviderSenderReciever" name="receiver" time="2.082"/>
  <system-out/>
  <testcase classname="testng1.DataProviderSenderReciever" name="receiver" time="8.761"/>
  <system-out/>
</testsuite> <!-- testng1.DataProviderSenderReciever -->
