<?xml version="1.0" encoding="UTF-8"?>
<!-- Generated by org.testng.reporters.JUnitReportReporter -->
<testsuite hostname="Axay-laptop" failures="0" tests="1" name="Testngbikes.Dukati" time="48.483" errors="0" timestamp="2024-01-26T11:11:02 IST" skipped="0">
  <testcase classname="Testngbikes.Dukati" name="dukati" time="48.483"/>
  <system-out/>
</testsuite> <!-- Testngbikes.Dukati -->
